Tuples\Integration\RouteResolver
Array
(
    [0] => ReflectionParameter Object
        (
            [name] => router
        )

    [1] => ReflectionParameter Object
        (
            [name] => request
        )

    [2] => ReflectionParameter Object
        (
            [name] => response
        )

)
Tuples\Http\Middleware\Cors
Array
(
    [0] => ReflectionParameter Object
        (
            [name] => req
        )

    [1] => ReflectionParameter Object
        (
            [name] => res
        )

)
Tuples\Http\Middleware\Cors
Array
(
    [0] => ReflectionParameter Object
        (
            [name] => next
        )

)
Tuples\Http\Middleware\Helmet
Array
(
    [0] => ReflectionParameter Object
        (
            [name] => req
        )

    [1] => ReflectionParameter Object
        (
            [name] => res
        )

)
Tuples\Http\Middleware\Helmet
Array
(
    [0] => ReflectionParameter Object
        (
            [name] => next
        )

)
Src\Index\Infrastructure\IndexController
Array
(
    [0] => ReflectionParameter Object
        (
            [name] => req
        )

    [1] => ReflectionParameter Object
        (
            [name] => res
        )

    [2] => ReflectionParameter Object
        (
            [name] => dbPool
        )

)
Tuples\Database\DatabasePool
Array
(
)
ExceptionHandler
Array
(
    [0] => ReflectionParameter Object
        (
            [name] => error
        )

    [1] => ReflectionParameter Object
        (
            [name] => request
        )

    [2] => ReflectionParameter Object
        (
            [name] => response
        )

)
Tuples\Database\DatabasePool
Array
(
)
